<?xml version="1.0" encoding="UTF-8"?>
<!-- Generated by org.testng.reporters.JUnitReportReporter -->
<testsuite hostname="Sandeep" failures="0" tests="2" name="runners.TestRunner" time="7.031" errors="0" timestamp="2025-01-28T06:01:53 IST" skipped="0">
  <testcase classname="runners.TestRunner" name="runScenario" time="2.391"/>
  <system-out/>
  <testcase classname="runners.TestRunner" name="runScenario" time="4.640"/>
  <system-out/>
</testsuite> <!-- runners.TestRunner -->
